<?xml version="1.0" encoding="UTF-8"?>
<!-- Generated by org.testng.reporters.JUnitXMLReporter -->
<testsuite ignored="0" hostname="DESKTOP-TAI0CQU" failures="0" tests="7" name="Default test" time="38.471" errors="0" timestamp="2023-12-19T17:28:55 EET">
  <testcase classname="almosafer.mytestcases" name="CheckContactNumber" time="0.082"/>
  <testcase classname="almosafer.mytestcases" name="CheckQitaffLogo" time="0.086"/>
  <testcase classname="almosafer.mytestcases" name="CheckTheCurrency" time="0.041"/>
  <testcase classname="almosafer.mytestcases" name="CheckTheLanguage" time="0.07"/>
  <testcase classname="almosafer.mytestcases" name="HotelTabIsNotSelected" time="2.074"/>
  <testcase classname="almosafer.mytestcases" name="CheckTheDate" time="0.261"/>
  <testcase classname="almosafer.mytestcases" name="CheckTheLang" time="31.864"/>
</testsuite> <!-- Default test -->
